
  You can now view your Streamlit app in your browser.

  Local URL: http://localhost:8501
  Network URL: http://192.168.31.109:8501

  For better performance, install the Watchdog module:

  $ xcode-select --install
  $ pip install watchdog
            
2026-01-29 23:14:01.386 Please replace `use_container_width` with `width`.

`use_container_width` will be removed after 2025-12-31.

For `use_container_width=True`, use `width='stretch'`. For `use_container_width=False`, use `width='content'`.
2026-01-29 23:14:01.442 Please replace `use_container_width` with `width`.

`use_container_width` will be removed after 2025-12-31.

For `use_container_width=True`, use `width='stretch'`. For `use_container_width=False`, use `width='content'`.
2026-01-29 23:14:01.465 Please replace `use_container_width` with `width`.

`use_container_width` will be removed after 2025-12-31.

For `use_container_width=True`, use `width='stretch'`. For `use_container_width=False`, use `width='content'`.
2026-01-29 23:15:32.317 Please replace `use_container_width` with `width`.

`use_container_width` will be removed after 2025-12-31.

For `use_container_width=True`, use `width='stretch'`. For `use_container_width=False`, use `width='content'`.
2026-01-29 23:15:32.410 Please replace `use_container_width` with `width`.

`use_container_width` will be removed after 2025-12-31.

For `use_container_width=True`, use `width='stretch'`. For `use_container_width=False`, use `width='content'`.
2026-01-29 23:15:32.439 Please replace `use_container_width` with `width`.

`use_container_width` will be removed after 2025-12-31.

For `use_container_width=True`, use `width='stretch'`. For `use_container_width=False`, use `width='content'`.
2026-01-30 19:35:43.507 Thread 'ThreadPoolExecutor-2_2': missing ScriptRunContext! This warning can be ignored when running in bare mode.
2026-01-30 19:35:43.513 Thread 'ThreadPoolExecutor-2_2': missing ScriptRunContext! This warning can be ignored when running in bare mode.
2026-01-30 19:35:43.513 Thread 'ThreadPoolExecutor-2_2': missing ScriptRunContext! This warning can be ignored when running in bare mode.
2026-01-30 19:35:43.514 Thread 'ThreadPoolExecutor-2_2': missing ScriptRunContext! This warning can be ignored when running in bare mode.
2026-01-30 19:35:43.526 Thread 'ThreadPoolExecutor-2_4': missing ScriptRunContext! This warning can be ignored when running in bare mode.
2026-01-30 19:35:43.526 Thread 'ThreadPoolExecutor-2_4': missing ScriptRunContext! This warning can be ignored when running in bare mode.
2026-01-30 19:35:43.526 Thread 'ThreadPoolExecutor-2_1': missing ScriptRunContext! This warning can be ignored when running in bare mode.
2026-01-30 19:35:43.547 Thread 'ThreadPoolExecutor-2_1': missing ScriptRunContext! This warning can be ignored when running in bare mode.
2026-01-30 19:35:43.551 Thread 'ThreadPoolExecutor-2_3': missing ScriptRunContext! This warning can be ignored when running in bare mode.
2026-01-30 19:35:43.552 Thread 'ThreadPoolExecutor-2_3': missing ScriptRunContext! This warning can be ignored when running in bare mode.
2026-01-30 19:35:43.588 Thread 'ThreadPoolExecutor-2_0': missing ScriptRunContext! This warning can be ignored when running in bare mode.
2026-01-30 19:35:43.597 Thread 'ThreadPoolExecutor-2_0': missing ScriptRunContext! This warning can be ignored when running in bare mode.
2026-01-30 19:35:45.620 Thread 'ThreadPoolExecutor-2_0': missing ScriptRunContext! This warning can be ignored when running in bare mode.
2026-01-30 19:35:45.631 Thread 'ThreadPoolExecutor-2_4': missing ScriptRunContext! This warning can be ignored when running in bare mode.
2026-01-30 19:35:45.653 Thread 'ThreadPoolExecutor-2_3': missing ScriptRunContext! This warning can be ignored when running in bare mode.
2026-01-30 19:35:45.681 Thread 'ThreadPoolExecutor-2_1': missing ScriptRunContext! This warning can be ignored when running in bare mode.
2026-01-30 19:35:45.708 Thread 'ThreadPoolExecutor-2_2': missing ScriptRunContext! This warning can be ignored when running in bare mode.
2026-01-30 19:35:46.019 Thread 'ThreadPoolExecutor-2_8': missing ScriptRunContext! This warning can be ignored when running in bare mode.
2026-01-30 19:35:46.020 Thread 'ThreadPoolExecutor-2_8': missing ScriptRunContext! This warning can be ignored when running in bare mode.
2026-01-30 19:35:46.020 Thread 'ThreadPoolExecutor-2_7': missing ScriptRunContext! This warning can be ignored when running in bare mode.
2026-01-30 19:35:46.034 Thread 'ThreadPoolExecutor-2_7': missing ScriptRunContext! This warning can be ignored when running in bare mode.
2026-01-30 19:35:46.044 Thread 'ThreadPoolExecutor-2_9': missing ScriptRunContext! This warning can be ignored when running in bare mode.
2026-01-30 19:35:46.045 Thread 'ThreadPoolExecutor-2_9': missing ScriptRunContext! This warning can be ignored when running in bare mode.
2026-01-30 19:35:46.070 Thread 'ThreadPoolExecutor-2_5': missing ScriptRunContext! This warning can be ignored when running in bare mode.
2026-01-30 19:35:46.100 Thread 'ThreadPoolExecutor-2_6': missing ScriptRunContext! This warning can be ignored when running in bare mode.
2026-01-30 19:35:46.245 Thread 'ThreadPoolExecutor-2_5': missing ScriptRunContext! This warning can be ignored when running in bare mode.
2026-01-30 19:35:46.282 Thread 'ThreadPoolExecutor-2_6': missing ScriptRunContext! This warning can be ignored when running in bare mode.
2026-01-30 19:35:47.567 Thread 'ThreadPoolExecutor-2_8': missing ScriptRunContext! This warning can be ignored when running in bare mode.
2026-01-30 19:35:47.713 Thread 'ThreadPoolExecutor-2_9': missing ScriptRunContext! This warning can be ignored when running in bare mode.
2026-01-30 19:35:47.719 Thread 'ThreadPoolExecutor-2_9': missing ScriptRunContext! This warning can be ignored when running in bare mode.
2026-01-30 19:35:47.762 Thread 'ThreadPoolExecutor-2_1': missing ScriptRunContext! This warning can be ignored when running in bare mode.
2026-01-30 19:35:47.762 Thread 'ThreadPoolExecutor-2_1': missing ScriptRunContext! This warning can be ignored when running in bare mode.
2026-01-30 19:35:47.807 Thread 'ThreadPoolExecutor-2_5': missing ScriptRunContext! This warning can be ignored when running in bare mode.
2026-01-30 19:35:47.892 Thread 'ThreadPoolExecutor-2_7': missing ScriptRunContext! This warning can be ignored when running in bare mode.
2026-01-30 19:35:48.002 Thread 'ThreadPoolExecutor-2_3': missing ScriptRunContext! This warning can be ignored when running in bare mode.
2026-01-30 19:35:48.009 Thread 'ThreadPoolExecutor-2_3': missing ScriptRunContext! This warning can be ignored when running in bare mode.
2026-01-30 19:35:48.081 Thread 'ThreadPoolExecutor-2_4': missing ScriptRunContext! This warning can be ignored when running in bare mode.
2026-01-30 19:35:48.082 Thread 'ThreadPoolExecutor-2_6': missing ScriptRunContext! This warning can be ignored when running in bare mode.
2026-01-30 19:35:48.088 Thread 'ThreadPoolExecutor-2_4': missing ScriptRunContext! This warning can be ignored when running in bare mode.
2026-01-30 19:35:48.285 Thread 'ThreadPoolExecutor-2_2': missing ScriptRunContext! This warning can be ignored when running in bare mode.
2026-01-30 19:35:48.285 Thread 'ThreadPoolExecutor-2_2': missing ScriptRunContext! This warning can be ignored when running in bare mode.
2026-01-30 19:35:48.973 Thread 'ThreadPoolExecutor-2_9': missing ScriptRunContext! This warning can be ignored when running in bare mode.
2026-01-30 19:35:49.111 Thread 'ThreadPoolExecutor-2_1': missing ScriptRunContext! This warning can be ignored when running in bare mode.
2026-01-30 19:35:49.147 Thread 'ThreadPoolExecutor-2_0': missing ScriptRunContext! This warning can be ignored when running in bare mode.
2026-01-30 19:35:49.150 Thread 'ThreadPoolExecutor-2_0': missing ScriptRunContext! This warning can be ignored when running in bare mode.
2026-01-30 19:35:49.258 Thread 'ThreadPoolExecutor-2_8': missing ScriptRunContext! This warning can be ignored when running in bare mode.
2026-01-30 19:35:49.258 Thread 'ThreadPoolExecutor-2_8': missing ScriptRunContext! This warning can be ignored when running in bare mode.
2026-01-30 19:35:49.307 Thread 'ThreadPoolExecutor-2_3': missing ScriptRunContext! This warning can be ignored when running in bare mode.
2026-01-30 19:35:49.465 Thread 'ThreadPoolExecutor-2_4': missing ScriptRunContext! This warning can be ignored when running in bare mode.
2026-01-30 19:35:49.472 Thread 'ThreadPoolExecutor-2_5': missing ScriptRunContext! This warning can be ignored when running in bare mode.
2026-01-30 19:35:49.486 Thread 'ThreadPoolExecutor-2_5': missing ScriptRunContext! This warning can be ignored when running in bare mode.
2026-01-30 19:35:49.549 Thread 'ThreadPoolExecutor-2_2': missing ScriptRunContext! This warning can be ignored when running in bare mode.
2026-01-30 19:35:49.622 Thread 'ThreadPoolExecutor-2_7': missing ScriptRunContext! This warning can be ignored when running in bare mode.
2026-01-30 19:35:49.626 Thread 'ThreadPoolExecutor-2_7': missing ScriptRunContext! This warning can be ignored when running in bare mode.
2026-01-30 19:35:49.743 Thread 'ThreadPoolExecutor-2_6': missing ScriptRunContext! This warning can be ignored when running in bare mode.
2026-01-30 19:35:49.744 Thread 'ThreadPoolExecutor-2_6': missing ScriptRunContext! This warning can be ignored when running in bare mode.
2026-01-30 19:35:50.453 Thread 'ThreadPoolExecutor-2_0': missing ScriptRunContext! This warning can be ignored when running in bare mode.
2026-01-30 19:35:50.507 Thread 'ThreadPoolExecutor-2_8': missing ScriptRunContext! This warning can be ignored when running in bare mode.
2026-01-30 19:35:50.508 Thread 'ThreadPoolExecutor-2_8': missing ScriptRunContext! This warning can be ignored when running in bare mode.
2026-01-30 19:35:50.660 Thread 'ThreadPoolExecutor-2_1': missing ScriptRunContext! This warning can be ignored when running in bare mode.
2026-01-30 19:35:50.661 Thread 'ThreadPoolExecutor-2_1': missing ScriptRunContext! This warning can be ignored when running in bare mode.
2026-01-30 19:35:51.199 Thread 'ThreadPoolExecutor-2_7': missing ScriptRunContext! This warning can be ignored when running in bare mode.
2026-01-30 19:35:51.475 Thread 'ThreadPoolExecutor-2_3': missing ScriptRunContext! This warning can be ignored when running in bare mode.
2026-01-30 19:35:51.550 Thread 'ThreadPoolExecutor-2_3': missing ScriptRunContext! This warning can be ignored when running in bare mode.
2026-01-30 19:35:51.594 Thread 'ThreadPoolExecutor-2_6': missing ScriptRunContext! This warning can be ignored when running in bare mode.
2026-01-30 19:35:51.658 Thread 'ThreadPoolExecutor-2_5': missing ScriptRunContext! This warning can be ignored when running in bare mode.
2026-01-30 19:35:51.815 Thread 'ThreadPoolExecutor-2_2': missing ScriptRunContext! This warning can be ignored when running in bare mode.
2026-01-30 19:35:51.819 Thread 'ThreadPoolExecutor-2_2': missing ScriptRunContext! This warning can be ignored when running in bare mode.
2026-01-30 19:35:51.836 Thread 'ThreadPoolExecutor-2_4': missing ScriptRunContext! This warning can be ignored when running in bare mode.
2026-01-30 19:35:51.836 Thread 'ThreadPoolExecutor-2_4': missing ScriptRunContext! This warning can be ignored when running in bare mode.
2026-01-30 19:35:52.735 Thread 'ThreadPoolExecutor-2_8': missing ScriptRunContext! This warning can be ignored when running in bare mode.
2026-01-30 19:35:52.863 Thread 'ThreadPoolExecutor-2_9': missing ScriptRunContext! This warning can be ignored when running in bare mode.
2026-01-30 19:35:52.864 Thread 'ThreadPoolExecutor-2_9': missing ScriptRunContext! This warning can be ignored when running in bare mode.
2026-01-30 19:35:52.889 Thread 'ThreadPoolExecutor-2_3': missing ScriptRunContext! This warning can be ignored when running in bare mode.
2026-01-30 19:35:52.902 Thread 'ThreadPoolExecutor-2_1': missing ScriptRunContext! This warning can be ignored when running in bare mode.
2026-01-30 19:35:53.169 Thread 'ThreadPoolExecutor-2_0': missing ScriptRunContext! This warning can be ignored when running in bare mode.
2026-01-30 19:35:53.170 Thread 'ThreadPoolExecutor-2_0': missing ScriptRunContext! This warning can be ignored when running in bare mode.
2026-01-30 19:35:53.170 Thread 'ThreadPoolExecutor-2_7': missing ScriptRunContext! This warning can be ignored when running in bare mode.
2026-01-30 19:35:53.174 Thread 'ThreadPoolExecutor-2_7': missing ScriptRunContext! This warning can be ignored when running in bare mode.
2026-01-30 19:35:53.264 Thread 'ThreadPoolExecutor-2_2': missing ScriptRunContext! This warning can be ignored when running in bare mode.
2026-01-30 19:35:53.424 Thread 'ThreadPoolExecutor-2_5': missing ScriptRunContext! This warning can be ignored when running in bare mode.
2026-01-30 19:35:53.424 Thread 'ThreadPoolExecutor-2_5': missing ScriptRunContext! This warning can be ignored when running in bare mode.
2026-01-30 19:35:53.606 Thread 'ThreadPoolExecutor-2_4': missing ScriptRunContext! This warning can be ignored when running in bare mode.
2026-01-30 19:35:53.962 Thread 'ThreadPoolExecutor-2_6': missing ScriptRunContext! This warning can be ignored when running in bare mode.
2026-01-30 19:35:53.973 Thread 'ThreadPoolExecutor-2_6': missing ScriptRunContext! This warning can be ignored when running in bare mode.
2026-01-30 19:35:54.893 Thread 'ThreadPoolExecutor-2_0': missing ScriptRunContext! This warning can be ignored when running in bare mode.
2026-01-30 19:35:54.902 Thread 'ThreadPoolExecutor-2_9': missing ScriptRunContext! This warning can be ignored when running in bare mode.
2026-01-30 19:35:54.994 Thread 'ThreadPoolExecutor-2_7': missing ScriptRunContext! This warning can be ignored when running in bare mode.
2026-01-30 19:35:55.081 Thread 'ThreadPoolExecutor-2_8': missing ScriptRunContext! This warning can be ignored when running in bare mode.
2026-01-30 19:35:55.092 Thread 'ThreadPoolExecutor-2_8': missing ScriptRunContext! This warning can be ignored when running in bare mode.
2026-01-30 19:35:55.136 Thread 'ThreadPoolExecutor-2_1': missing ScriptRunContext! This warning can be ignored when running in bare mode.
2026-01-30 19:35:55.137 Thread 'ThreadPoolExecutor-2_1': missing ScriptRunContext! This warning can be ignored when running in bare mode.
2026-01-30 19:35:55.440 Thread 'ThreadPoolExecutor-2_3': missing ScriptRunContext! This warning can be ignored when running in bare mode.
2026-01-30 19:35:55.521 Thread 'ThreadPoolExecutor-2_3': missing ScriptRunContext! This warning can be ignored when running in bare mode.
2026-01-30 19:35:56.004 Thread 'ThreadPoolExecutor-2_5': missing ScriptRunContext! This warning can be ignored when running in bare mode.
2026-01-30 19:35:56.224 Thread 'ThreadPoolExecutor-2_6': missing ScriptRunContext! This warning can be ignored when running in bare mode.
2026-01-30 19:35:56.372 Thread 'ThreadPoolExecutor-2_2': missing ScriptRunContext! This warning can be ignored when running in bare mode.
2026-01-30 19:35:56.373 Thread 'ThreadPoolExecutor-2_2': missing ScriptRunContext! This warning can be ignored when running in bare mode.
2026-01-30 19:35:56.495 Thread 'ThreadPoolExecutor-2_4': missing ScriptRunContext! This warning can be ignored when running in bare mode.
2026-01-30 19:35:56.563 Thread 'ThreadPoolExecutor-2_4': missing ScriptRunContext! This warning can be ignored when running in bare mode.
2026-01-30 19:35:58.538 Thread 'ThreadPoolExecutor-2_8': missing ScriptRunContext! This warning can be ignored when running in bare mode.
2026-01-30 19:35:59.316 Thread 'ThreadPoolExecutor-2_0': missing ScriptRunContext! This warning can be ignored when running in bare mode.
2026-01-30 19:35:59.426 Thread 'ThreadPoolExecutor-2_0': missing ScriptRunContext! This warning can be ignored when running in bare mode.
2026-01-30 19:35:59.456 Thread 'ThreadPoolExecutor-2_4': missing ScriptRunContext! This warning can be ignored when running in bare mode.
2026-01-30 19:35:59.425 Thread 'ThreadPoolExecutor-2_2': missing ScriptRunContext! This warning can be ignored when running in bare mode.
2026-01-30 19:35:59.889 Thread 'ThreadPoolExecutor-2_6': missing ScriptRunContext! This warning can be ignored when running in bare mode.
2026-01-30 19:35:59.893 Thread 'ThreadPoolExecutor-2_6': missing ScriptRunContext! This warning can be ignored when running in bare mode.
2026-01-30 19:35:59.939 Thread 'ThreadPoolExecutor-2_9': missing ScriptRunContext! This warning can be ignored when running in bare mode.
2026-01-30 19:35:59.939 Thread 'ThreadPoolExecutor-2_9': missing ScriptRunContext! This warning can be ignored when running in bare mode.
2026-01-30 19:36:00.098 Thread 'ThreadPoolExecutor-2_3': missing ScriptRunContext! This warning can be ignored when running in bare mode.
2026-01-30 19:36:00.687 Thread 'ThreadPoolExecutor-2_1': missing ScriptRunContext! This warning can be ignored when running in bare mode.
2026-01-30 19:36:01.265 Thread 'ThreadPoolExecutor-2_7': missing ScriptRunContext! This warning can be ignored when running in bare mode.
2026-01-30 19:36:01.265 Thread 'ThreadPoolExecutor-2_7': missing ScriptRunContext! This warning can be ignored when running in bare mode.
2026-01-30 19:36:01.677 Thread 'ThreadPoolExecutor-2_5': missing ScriptRunContext! This warning can be ignored when running in bare mode.
2026-01-30 19:36:01.868 Thread 'ThreadPoolExecutor-2_5': missing ScriptRunContext! This warning can be ignored when running in bare mode.
2026-01-30 19:36:02.398 Thread 'ThreadPoolExecutor-2_9': missing ScriptRunContext! This warning can be ignored when running in bare mode.
2026-01-30 19:36:02.706 Thread 'ThreadPoolExecutor-2_0': missing ScriptRunContext! This warning can be ignored when running in bare mode.
2026-01-30 19:36:02.547 Thread 'ThreadPoolExecutor-2_6': missing ScriptRunContext! This warning can be ignored when running in bare mode.
2026-01-30 19:36:04.185 Thread 'ThreadPoolExecutor-2_5': missing ScriptRunContext! This warning can be ignored when running in bare mode.
2026-01-30 19:36:04.192 Thread 'ThreadPoolExecutor-2_7': missing ScriptRunContext! This warning can be ignored when running in bare mode.
2026-01-30 19:36:04.670 Thread 'ThreadPoolExecutor-2_1': missing ScriptRunContext! This warning can be ignored when running in bare mode.
2026-01-30 19:36:04.671 Thread 'ThreadPoolExecutor-2_1': missing ScriptRunContext! This warning can be ignored when running in bare mode.
2026-01-30 19:36:04.793 Thread 'ThreadPoolExecutor-2_8': missing ScriptRunContext! This warning can be ignored when running in bare mode.
2026-01-30 19:36:04.819 Thread 'ThreadPoolExecutor-2_8': missing ScriptRunContext! This warning can be ignored when running in bare mode.
2026-01-30 19:36:04.904 Thread 'ThreadPoolExecutor-2_2': missing ScriptRunContext! This warning can be ignored when running in bare mode.
2026-01-30 19:36:04.905 Thread 'ThreadPoolExecutor-2_2': missing ScriptRunContext! This warning can be ignored when running in bare mode.
2026-01-30 19:36:05.051 Thread 'ThreadPoolExecutor-2_3': missing ScriptRunContext! This warning can be ignored when running in bare mode.
2026-01-30 19:36:05.179 Thread 'ThreadPoolExecutor-2_3': missing ScriptRunContext! This warning can be ignored when running in bare mode.
2026-01-30 19:36:05.484 Thread 'ThreadPoolExecutor-2_4': missing ScriptRunContext! This warning can be ignored when running in bare mode.
2026-01-30 19:36:05.485 Thread 'ThreadPoolExecutor-2_4': missing ScriptRunContext! This warning can be ignored when running in bare mode.
2026-01-30 19:36:07.029 Thread 'ThreadPoolExecutor-2_2': missing ScriptRunContext! This warning can be ignored when running in bare mode.
2026-01-30 19:36:07.084 Thread 'ThreadPoolExecutor-2_3': missing ScriptRunContext! This warning can be ignored when running in bare mode.
2026-01-30 19:36:07.090 Thread 'ThreadPoolExecutor-2_8': missing ScriptRunContext! This warning can be ignored when running in bare mode.
2026-01-30 19:36:07.101 Thread 'ThreadPoolExecutor-2_1': missing ScriptRunContext! This warning can be ignored when running in bare mode.
2026-01-30 19:36:07.103 Thread 'ThreadPoolExecutor-2_4': missing ScriptRunContext! This warning can be ignored when running in bare mode.
2026-01-30 19:36:07.545 Thread 'ThreadPoolExecutor-2_6': missing ScriptRunContext! This warning can be ignored when running in bare mode.
2026-01-30 19:36:07.545 Thread 'ThreadPoolExecutor-2_7': missing ScriptRunContext! This warning can be ignored when running in bare mode.
2026-01-30 19:36:07.546 Thread 'ThreadPoolExecutor-2_5': missing ScriptRunContext! This warning can be ignored when running in bare mode.
2026-01-30 19:36:07.585 Thread 'ThreadPoolExecutor-2_9': missing ScriptRunContext! This warning can be ignored when running in bare mode.
2026-01-30 19:36:07.595 Thread 'ThreadPoolExecutor-2_6': missing ScriptRunContext! This warning can be ignored when running in bare mode.
2026-01-30 19:36:07.606 Thread 'ThreadPoolExecutor-2_0': missing ScriptRunContext! This warning can be ignored when running in bare mode.
2026-01-30 19:36:07.606 Thread 'ThreadPoolExecutor-2_7': missing ScriptRunContext! This warning can be ignored when running in bare mode.
2026-01-30 19:36:07.652 Thread 'ThreadPoolExecutor-2_5': missing ScriptRunContext! This warning can be ignored when running in bare mode.
2026-01-30 19:36:07.682 Thread 'ThreadPoolExecutor-2_9': missing ScriptRunContext! This warning can be ignored when running in bare mode.
2026-01-30 19:36:07.723 Thread 'ThreadPoolExecutor-2_0': missing ScriptRunContext! This warning can be ignored when running in bare mode.
2026-01-30 19:36:08.974 Thread 'ThreadPoolExecutor-2_5': missing ScriptRunContext! This warning can be ignored when running in bare mode.
2026-01-30 19:36:08.975 Thread 'ThreadPoolExecutor-2_5': missing ScriptRunContext! This warning can be ignored when running in bare mode.
2026-01-30 19:36:09.108 Thread 'ThreadPoolExecutor-2_6': missing ScriptRunContext! This warning can be ignored when running in bare mode.
2026-01-30 19:36:09.165 Thread 'ThreadPoolExecutor-2_7': missing ScriptRunContext! This warning can be ignored when running in bare mode.
2026-01-30 19:36:09.251 Thread 'ThreadPoolExecutor-2_4': missing ScriptRunContext! This warning can be ignored when running in bare mode.
2026-01-30 19:36:09.253 Thread 'ThreadPoolExecutor-2_4': missing ScriptRunContext! This warning can be ignored when running in bare mode.
2026-01-30 19:36:09.263 Thread 'ThreadPoolExecutor-2_0': missing ScriptRunContext! This warning can be ignored when running in bare mode.
2026-01-30 19:36:09.389 Thread 'ThreadPoolExecutor-2_9': missing ScriptRunContext! This warning can be ignored when running in bare mode.
2026-01-30 19:36:09.405 Thread 'ThreadPoolExecutor-2_3': missing ScriptRunContext! This warning can be ignored when running in bare mode.
2026-01-30 19:36:09.405 Thread 'ThreadPoolExecutor-2_3': missing ScriptRunContext! This warning can be ignored when running in bare mode.
2026-01-30 19:36:09.469 Thread 'ThreadPoolExecutor-2_1': missing ScriptRunContext! This warning can be ignored when running in bare mode.
2026-01-30 19:36:09.493 Thread 'ThreadPoolExecutor-2_1': missing ScriptRunContext! This warning can be ignored when running in bare mode.
2026-01-30 19:36:09.586 Thread 'ThreadPoolExecutor-2_8': missing ScriptRunContext! This warning can be ignored when running in bare mode.
2026-01-30 19:36:09.596 Thread 'ThreadPoolExecutor-2_8': missing ScriptRunContext! This warning can be ignored when running in bare mode.
2026-01-30 19:36:10.256 Thread 'ThreadPoolExecutor-2_5': missing ScriptRunContext! This warning can be ignored when running in bare mode.
2026-01-30 19:36:10.408 Thread 'ThreadPoolExecutor-2_2': missing ScriptRunContext! This warning can be ignored when running in bare mode.
2026-01-30 19:36:10.409 Thread 'ThreadPoolExecutor-2_2': missing ScriptRunContext! This warning can be ignored when running in bare mode.
2026-01-30 19:36:10.623 Thread 'ThreadPoolExecutor-2_4': missing ScriptRunContext! This warning can be ignored when running in bare mode.
2026-01-30 19:36:10.735 Thread 'ThreadPoolExecutor-2_1': missing ScriptRunContext! This warning can be ignored when running in bare mode.
2026-01-30 19:36:10.741 Thread 'ThreadPoolExecutor-2_6': missing ScriptRunContext! This warning can be ignored when running in bare mode.
2026-01-30 19:36:10.768 Thread 'ThreadPoolExecutor-2_6': missing ScriptRunContext! This warning can be ignored when running in bare mode.
2026-01-30 19:36:10.852 Thread 'ThreadPoolExecutor-2_3': missing ScriptRunContext! This warning can be ignored when running in bare mode.
2026-01-30 19:36:10.931 Thread 'ThreadPoolExecutor-2_0': missing ScriptRunContext! This warning can be ignored when running in bare mode.
2026-01-30 19:36:10.942 Thread 'ThreadPoolExecutor-2_0': missing ScriptRunContext! This warning can be ignored when running in bare mode.
2026-01-30 19:36:10.951 Thread 'ThreadPoolExecutor-2_8': missing ScriptRunContext! This warning can be ignored when running in bare mode.
2026-01-30 19:36:11.100 Thread 'ThreadPoolExecutor-2_7': missing ScriptRunContext! This warning can be ignored when running in bare mode.
2026-01-30 19:36:11.101 Thread 'ThreadPoolExecutor-2_7': missing ScriptRunContext! This warning can be ignored when running in bare mode.
2026-01-30 19:36:11.195 Thread 'ThreadPoolExecutor-2_9': missing ScriptRunContext! This warning can be ignored when running in bare mode.
2026-01-30 19:36:11.202 Thread 'ThreadPoolExecutor-2_9': missing ScriptRunContext! This warning can be ignored when running in bare mode.
2026-01-30 19:36:11.918 Thread 'ThreadPoolExecutor-2_2': missing ScriptRunContext! This warning can be ignored when running in bare mode.
2026-01-30 19:36:12.104 Thread 'ThreadPoolExecutor-2_5': missing ScriptRunContext! This warning can be ignored when running in bare mode.
2026-01-30 19:36:12.112 Thread 'ThreadPoolExecutor-2_5': missing ScriptRunContext! This warning can be ignored when running in bare mode.
2026-01-30 19:36:12.541 Thread 'ThreadPoolExecutor-2_0': missing ScriptRunContext! This warning can be ignored when running in bare mode.
2026-01-30 19:36:12.614 Thread 'ThreadPoolExecutor-2_6': missing ScriptRunContext! This warning can be ignored when running in bare mode.
2026-01-30 19:36:12.719 Thread 'ThreadPoolExecutor-2_4': missing ScriptRunContext! This warning can be ignored when running in bare mode.
2026-01-30 19:36:12.721 Thread 'ThreadPoolExecutor-2_4': missing ScriptRunContext! This warning can be ignored when running in bare mode.
2026-01-30 19:36:12.752 Thread 'ThreadPoolExecutor-2_1': missing ScriptRunContext! This warning can be ignored when running in bare mode.
2026-01-30 19:36:12.732 Thread 'ThreadPoolExecutor-2_7': missing ScriptRunContext! This warning can be ignored when running in bare mode.
2026-01-30 19:36:12.762 Thread 'ThreadPoolExecutor-2_1': missing ScriptRunContext! This warning can be ignored when running in bare mode.
2026-01-30 19:36:12.946 Thread 'ThreadPoolExecutor-2_3': missing ScriptRunContext! This warning can be ignored when running in bare mode.
2026-01-30 19:36:12.946 Thread 'ThreadPoolExecutor-2_3': missing ScriptRunContext! This warning can be ignored when running in bare mode.
2026-01-30 19:36:13.067 Thread 'ThreadPoolExecutor-2_9': missing ScriptRunContext! This warning can be ignored when running in bare mode.
2026-01-30 19:36:13.321 Thread 'ThreadPoolExecutor-2_8': missing ScriptRunContext! This warning can be ignored when running in bare mode.
2026-01-30 19:36:13.329 Thread 'ThreadPoolExecutor-2_8': missing ScriptRunContext! This warning can be ignored when running in bare mode.
2026-01-30 19:36:13.584 Thread 'ThreadPoolExecutor-2_5': missing ScriptRunContext! This warning can be ignored when running in bare mode.
2026-01-30 19:36:13.843 Thread 'ThreadPoolExecutor-2_2': missing ScriptRunContext! This warning can be ignored when running in bare mode.
2026-01-30 19:36:13.849 Thread 'ThreadPoolExecutor-2_2': missing ScriptRunContext! This warning can be ignored when running in bare mode.
2026-01-30 19:36:14.153 Thread 'ThreadPoolExecutor-2_4': missing ScriptRunContext! This warning can be ignored when running in bare mode.
2026-01-30 19:36:14.235 Thread 'ThreadPoolExecutor-2_1': missing ScriptRunContext! This warning can be ignored when running in bare mode.
2026-01-30 19:36:14.336 Thread 'ThreadPoolExecutor-2_0': missing ScriptRunContext! This warning can be ignored when running in bare mode.
2026-01-30 19:36:14.339 Thread 'ThreadPoolExecutor-2_0': missing ScriptRunContext! This warning can be ignored when running in bare mode.
2026-01-30 19:36:14.441 Thread 'ThreadPoolExecutor-2_6': missing ScriptRunContext! This warning can be ignored when running in bare mode.
2026-01-30 19:36:14.441 Thread 'ThreadPoolExecutor-2_6': missing ScriptRunContext! This warning can be ignored when running in bare mode.
2026-01-30 19:36:14.650 Thread 'ThreadPoolExecutor-2_3': missing ScriptRunContext! This warning can be ignored when running in bare mode.
2026-01-30 19:36:14.887 Thread 'ThreadPoolExecutor-2_7': missing ScriptRunContext! This warning can be ignored when running in bare mode.
2026-01-30 19:36:14.889 Thread 'ThreadPoolExecutor-2_7': missing ScriptRunContext! This warning can be ignored when running in bare mode.
2026-01-30 19:36:14.927 Thread 'ThreadPoolExecutor-2_8': missing ScriptRunContext! This warning can be ignored when running in bare mode.
2026-01-30 19:36:15.078 Thread 'ThreadPoolExecutor-2_9': missing ScriptRunContext! This warning can be ignored when running in bare mode.
2026-01-30 19:36:15.090 Thread 'ThreadPoolExecutor-2_9': missing ScriptRunContext! This warning can be ignored when running in bare mode.
2026-01-30 19:36:15.282 Thread 'ThreadPoolExecutor-2_2': missing ScriptRunContext! This warning can be ignored when running in bare mode.
2026-01-30 19:36:15.485 Thread 'ThreadPoolExecutor-2_5': missing ScriptRunContext! This warning can be ignored when running in bare mode.
2026-01-30 19:36:15.485 Thread 'ThreadPoolExecutor-2_5': missing ScriptRunContext! This warning can be ignored when running in bare mode.
2026-01-30 19:36:15.889 Thread 'ThreadPoolExecutor-2_0': missing ScriptRunContext! This warning can be ignored when running in bare mode.
2026-01-30 19:36:15.979 Thread 'ThreadPoolExecutor-2_6': missing ScriptRunContext! This warning can be ignored when running in bare mode.
2026-01-30 19:36:16.062 Thread 'ThreadPoolExecutor-2_4': missing ScriptRunContext! This warning can be ignored when running in bare mode.
2026-01-30 19:36:16.070 Thread 'ThreadPoolExecutor-2_4': missing ScriptRunContext! This warning can be ignored when running in bare mode.
2026-01-30 19:36:16.190 Thread 'ThreadPoolExecutor-2_1': missing ScriptRunContext! This warning can be ignored when running in bare mode.
2026-01-30 19:36:16.193 Thread 'ThreadPoolExecutor-2_1': missing ScriptRunContext! This warning can be ignored when running in bare mode.
2026-01-30 19:36:16.348 Thread 'ThreadPoolExecutor-2_7': missing ScriptRunContext! This warning can be ignored when running in bare mode.
2026-01-30 19:36:16.510 Thread 'ThreadPoolExecutor-2_9': missing ScriptRunContext! This warning can be ignored when running in bare mode.
2026-01-30 19:36:16.520 Thread 'ThreadPoolExecutor-2_3': missing ScriptRunContext! This warning can be ignored when running in bare mode.
2026-01-30 19:36:16.539 Thread 'ThreadPoolExecutor-2_3': missing ScriptRunContext! This warning can be ignored when running in bare mode.
2026-01-30 19:36:16.718 Thread 'ThreadPoolExecutor-2_8': missing ScriptRunContext! This warning can be ignored when running in bare mode.
2026-01-30 19:36:16.719 Thread 'ThreadPoolExecutor-2_8': missing ScriptRunContext! This warning can be ignored when running in bare mode.
2026-01-30 19:36:16.806 Thread 'ThreadPoolExecutor-2_5': missing ScriptRunContext! This warning can be ignored when running in bare mode.
2026-01-30 19:36:16.962 Thread 'ThreadPoolExecutor-2_2': missing ScriptRunContext! This warning can be ignored when running in bare mode.
2026-01-30 19:36:16.963 Thread 'ThreadPoolExecutor-2_2': missing ScriptRunContext! This warning can be ignored when running in bare mode.
2026-01-30 19:36:17.170 Thread 'ThreadPoolExecutor-2_4': missing ScriptRunContext! This warning can be ignored when running in bare mode.
2026-01-30 19:36:17.330 Thread 'ThreadPoolExecutor-2_0': missing ScriptRunContext! This warning can be ignored when running in bare mode.
2026-01-30 19:36:17.330 Thread 'ThreadPoolExecutor-2_0': missing ScriptRunContext! This warning can be ignored when running in bare mode.
2026-01-30 19:36:17.579 Thread 'ThreadPoolExecutor-2_1': missing ScriptRunContext! This warning can be ignored when running in bare mode.
2026-01-30 19:36:17.747 Thread 'ThreadPoolExecutor-2_6': missing ScriptRunContext! This warning can be ignored when running in bare mode.
2026-01-30 19:36:17.747 Thread 'ThreadPoolExecutor-2_6': missing ScriptRunContext! This warning can be ignored when running in bare mode.
2026-01-30 19:36:17.878 Thread 'ThreadPoolExecutor-2_3': missing ScriptRunContext! This warning can be ignored when running in bare mode.
2026-01-30 19:36:18.045 Thread 'ThreadPoolExecutor-2_8': missing ScriptRunContext! This warning can be ignored when running in bare mode.
2026-01-30 19:36:18.076 Thread 'ThreadPoolExecutor-2_7': missing ScriptRunContext! This warning can be ignored when running in bare mode.
2026-01-30 19:36:18.077 Thread 'ThreadPoolExecutor-2_7': missing ScriptRunContext! This warning can be ignored when running in bare mode.
2026-01-30 19:36:18.213 Thread 'ThreadPoolExecutor-2_2': missing ScriptRunContext! This warning can be ignored when running in bare mode.
2026-01-30 19:36:18.265 Thread 'ThreadPoolExecutor-2_9': missing ScriptRunContext! This warning can be ignored when running in bare mode.
2026-01-30 19:36:18.279 Thread 'ThreadPoolExecutor-2_9': missing ScriptRunContext! This warning can be ignored when running in bare mode.
2026-01-30 19:36:18.429 Thread 'ThreadPoolExecutor-2_5': missing ScriptRunContext! This warning can be ignored when running in bare mode.
2026-01-30 19:36:18.430 Thread 'ThreadPoolExecutor-2_5': missing ScriptRunContext! This warning can be ignored when running in bare mode.
2026-01-30 19:36:18.655 Thread 'ThreadPoolExecutor-2_0': missing ScriptRunContext! This warning can be ignored when running in bare mode.
2026-01-30 19:36:18.842 Thread 'ThreadPoolExecutor-2_4': missing ScriptRunContext! This warning can be ignored when running in bare mode.
2026-01-30 19:36:18.847 Thread 'ThreadPoolExecutor-2_4': missing ScriptRunContext! This warning can be ignored when running in bare mode.
2026-01-30 19:36:19.122 Thread 'ThreadPoolExecutor-2_6': missing ScriptRunContext! This warning can be ignored when running in bare mode.
2026-01-30 19:36:19.358 Thread 'ThreadPoolExecutor-2_1': missing ScriptRunContext! This warning can be ignored when running in bare mode.
2026-01-30 19:36:19.371 Thread 'ThreadPoolExecutor-2_1': missing ScriptRunContext! This warning can be ignored when running in bare mode.
2026-01-30 19:36:19.440 Thread 'ThreadPoolExecutor-2_7': missing ScriptRunContext! This warning can be ignored when running in bare mode.
2026-01-30 19:36:19.636 Thread 'ThreadPoolExecutor-2_3': missing ScriptRunContext! This warning can be ignored when running in bare mode.
2026-01-30 19:36:19.636 Thread 'ThreadPoolExecutor-2_3': missing ScriptRunContext! This warning can be ignored when running in bare mode.
2026-01-30 19:36:20.176 Thread 'ThreadPoolExecutor-2_5': missing ScriptRunContext! This warning can be ignored when running in bare mode.
2026-01-30 19:36:20.192 Thread 'ThreadPoolExecutor-2_9': missing ScriptRunContext! This warning can be ignored when running in bare mode.
2026-01-30 19:36:20.609 Thread 'ThreadPoolExecutor-2_4': missing ScriptRunContext! This warning can be ignored when running in bare mode.
2026-01-30 19:36:20.630 Thread 'ThreadPoolExecutor-2_2': missing ScriptRunContext! This warning can be ignored when running in bare mode.
2026-01-30 19:36:20.635 Thread 'ThreadPoolExecutor-2_2': missing ScriptRunContext! This warning can be ignored when running in bare mode.
2026-01-30 19:36:20.714 Thread 'ThreadPoolExecutor-2_8': missing ScriptRunContext! This warning can be ignored when running in bare mode.
2026-01-30 19:36:20.842 Thread 'ThreadPoolExecutor-2_8': missing ScriptRunContext! This warning can be ignored when running in bare mode.
2026-01-30 19:36:20.872 Thread 'ThreadPoolExecutor-2_0': missing ScriptRunContext! This warning can be ignored when running in bare mode.
2026-01-30 19:36:20.959 Thread 'ThreadPoolExecutor-2_0': missing ScriptRunContext! This warning can be ignored when running in bare mode.
2026-01-30 19:36:21.299 Thread 'ThreadPoolExecutor-2_1': missing ScriptRunContext! This warning can be ignored when running in bare mode.
2026-01-30 19:36:21.634 Thread 'ThreadPoolExecutor-2_6': missing ScriptRunContext! This warning can be ignored when running in bare mode.
2026-01-30 19:36:21.635 Thread 'ThreadPoolExecutor-2_6': missing ScriptRunContext! This warning can be ignored when running in bare mode.
2026-01-30 19:36:22.389 Thread 'ThreadPoolExecutor-2_3': missing ScriptRunContext! This warning can be ignored when running in bare mode.
2026-01-30 19:36:22.659 Thread 'ThreadPoolExecutor-2_7': missing ScriptRunContext! This warning can be ignored when running in bare mode.
2026-01-30 19:36:22.753 Thread 'ThreadPoolExecutor-2_7': missing ScriptRunContext! This warning can be ignored when running in bare mode.
2026-01-30 19:36:22.803 Thread 'ThreadPoolExecutor-2_2': missing ScriptRunContext! This warning can be ignored when running in bare mode.
2026-01-30 19:36:23.093 Thread 'ThreadPoolExecutor-2_5': missing ScriptRunContext! This warning can be ignored when running in bare mode.
2026-01-30 19:36:23.146 Thread 'ThreadPoolExecutor-2_8': missing ScriptRunContext! This warning can be ignored when running in bare mode.
2026-01-30 19:36:23.155 Thread 'ThreadPoolExecutor-2_5': missing ScriptRunContext! This warning can be ignored when running in bare mode.
2026-01-30 19:36:23.175 Thread 'ThreadPoolExecutor-2_0': missing ScriptRunContext! This warning can be ignored when running in bare mode.
2026-01-30 19:36:23.344 Thread 'ThreadPoolExecutor-2_9': missing ScriptRunContext! This warning can be ignored when running in bare mode.
2026-01-30 19:36:23.344 Thread 'ThreadPoolExecutor-2_9': missing ScriptRunContext! This warning can be ignored when running in bare mode.
2026-01-30 19:36:23.472 Thread 'ThreadPoolExecutor-2_4': missing ScriptRunContext! This warning can be ignored when running in bare mode.
2026-01-30 19:36:23.472 Thread 'ThreadPoolExecutor-2_4': missing ScriptRunContext! This warning can be ignored when running in bare mode.
2026-01-30 19:36:23.568 Thread 'ThreadPoolExecutor-2_6': missing ScriptRunContext! This warning can be ignored when running in bare mode.
2026-01-30 19:36:23.805 Thread 'ThreadPoolExecutor-2_3': missing ScriptRunContext! This warning can be ignored when running in bare mode.
2026-01-30 19:36:23.837 Thread 'ThreadPoolExecutor-2_3': missing ScriptRunContext! This warning can be ignored when running in bare mode.
2026-01-30 19:36:24.414 Thread 'ThreadPoolExecutor-2_7': missing ScriptRunContext! This warning can be ignored when running in bare mode.
2026-01-30 19:36:24.701 Thread 'ThreadPoolExecutor-2_1': missing ScriptRunContext! This warning can be ignored when running in bare mode.
2026-01-30 19:36:24.770 Thread 'ThreadPoolExecutor-2_1': missing ScriptRunContext! This warning can be ignored when running in bare mode.
2026-01-30 19:36:24.862 Thread 'ThreadPoolExecutor-2_9': missing ScriptRunContext! This warning can be ignored when running in bare mode.
2026-01-30 19:36:25.015 Thread 'ThreadPoolExecutor-2_5': missing ScriptRunContext! This warning can be ignored when running in bare mode.
2026-01-30 19:36:25.074 Thread 'ThreadPoolExecutor-2_2': missing ScriptRunContext! This warning can be ignored when running in bare mode.
2026-01-30 19:36:25.074 Thread 'ThreadPoolExecutor-2_2': missing ScriptRunContext! This warning can be ignored when running in bare mode.
2026-01-30 19:36:25.234 Thread 'ThreadPoolExecutor-2_8': missing ScriptRunContext! This warning can be ignored when running in bare mode.
2026-01-30 19:36:25.234 Thread 'ThreadPoolExecutor-2_8': missing ScriptRunContext! This warning can be ignored when running in bare mode.
2026-01-30 19:36:25.264 Thread 'ThreadPoolExecutor-2_4': missing ScriptRunContext! This warning can be ignored when running in bare mode.
2026-01-30 19:36:25.570 Thread 'ThreadPoolExecutor-2_6': missing ScriptRunContext! This warning can be ignored when running in bare mode.
2026-01-30 19:36:25.594 Thread 'ThreadPoolExecutor-2_6': missing ScriptRunContext! This warning can be ignored when running in bare mode.
2026-01-30 19:36:25.647 Thread 'ThreadPoolExecutor-2_3': missing ScriptRunContext! This warning can be ignored when running in bare mode.
2026-01-30 19:36:25.885 Thread 'ThreadPoolExecutor-2_0': missing ScriptRunContext! This warning can be ignored when running in bare mode.
2026-01-30 19:36:25.886 Thread 'ThreadPoolExecutor-2_0': missing ScriptRunContext! This warning can be ignored when running in bare mode.
2026-01-30 19:36:26.244 Thread 'ThreadPoolExecutor-2_1': missing ScriptRunContext! This warning can be ignored when running in bare mode.
2026-01-30 19:36:26.420 Thread 'ThreadPoolExecutor-2_7': missing ScriptRunContext! This warning can be ignored when running in bare mode.
2026-01-30 19:36:26.421 Thread 'ThreadPoolExecutor-2_7': missing ScriptRunContext! This warning can be ignored when running in bare mode.
2026-01-30 19:36:26.654 Thread 'ThreadPoolExecutor-2_2': missing ScriptRunContext! This warning can be ignored when running in bare mode.
2026-01-30 19:36:26.815 Thread 'ThreadPoolExecutor-2_5': missing ScriptRunContext! This warning can be ignored when running in bare mode.
2026-01-30 19:36:26.831 Thread 'ThreadPoolExecutor-2_5': missing ScriptRunContext! This warning can be ignored when running in bare mode.
2026-01-30 19:36:27.061 Thread 'ThreadPoolExecutor-2_8': missing ScriptRunContext! This warning can be ignored when running in bare mode.
2026-01-30 19:36:27.203 Thread 'ThreadPoolExecutor-2_9': missing ScriptRunContext! This warning can be ignored when running in bare mode.
2026-01-30 19:36:27.204 Thread 'ThreadPoolExecutor-2_9': missing ScriptRunContext! This warning can be ignored when running in bare mode.
2026-01-30 19:36:27.387 Thread 'ThreadPoolExecutor-2_6': missing ScriptRunContext! This warning can be ignored when running in bare mode.
2026-01-30 19:36:27.521 Thread 'ThreadPoolExecutor-2_0': missing ScriptRunContext! This warning can be ignored when running in bare mode.
2026-01-30 19:36:27.672 Thread 'ThreadPoolExecutor-2_4': missing ScriptRunContext! This warning can be ignored when running in bare mode.
2026-01-30 19:36:27.688 Thread 'ThreadPoolExecutor-2_4': missing ScriptRunContext! This warning can be ignored when running in bare mode.
2026-01-30 19:36:27.771 Thread 'ThreadPoolExecutor-2_3': missing ScriptRunContext! This warning can be ignored when running in bare mode.
2026-01-30 19:36:27.771 Thread 'ThreadPoolExecutor-2_3': missing ScriptRunContext! This warning can be ignored when running in bare mode.
2026-01-30 19:36:28.185 Thread 'ThreadPoolExecutor-2_7': missing ScriptRunContext! This warning can be ignored when running in bare mode.
2026-01-30 19:36:28.551 Thread 'ThreadPoolExecutor-2_5': missing ScriptRunContext! This warning can be ignored when running in bare mode.
2026-01-30 19:36:29.156 Thread 'ThreadPoolExecutor-2_9': missing ScriptRunContext! This warning can be ignored when running in bare mode.
2026-01-30 19:36:29.508 Thread 'ThreadPoolExecutor-2_4': missing ScriptRunContext! This warning can be ignored when running in bare mode.
2026-01-30 19:36:31.201 Please replace `use_container_width` with `width`.

`use_container_width` will be removed after 2025-12-31.

For `use_container_width=True`, use `width='stretch'`. For `use_container_width=False`, use `width='content'`.
2026-01-30 19:36:33.252 Please replace `use_container_width` with `width`.

`use_container_width` will be removed after 2025-12-31.

For `use_container_width=True`, use `width='stretch'`. For `use_container_width=False`, use `width='content'`.
2026-01-30 19:36:33.587 Please replace `use_container_width` with `width`.

`use_container_width` will be removed after 2025-12-31.

For `use_container_width=True`, use `width='stretch'`. For `use_container_width=False`, use `width='content'`.
